0 info it worked if it ends with ok
1 verbose cli [ '/usr/local/Cellar/node/6.7.0/bin/node',
1 verbose cli   '/usr/local/bin/npm',
1 verbose cli   'run',
1 verbose cli   'api' ]
2 info using npm@3.10.7
3 info using node@v6.7.0
4 verbose run-script [ 'preapi', 'api', 'postapi' ]
5 info lifecycle shufflebox-frontend@0.0.1~preapi: shufflebox-frontend@0.0.1
6 silly lifecycle shufflebox-frontend@0.0.1~preapi: no script for preapi, continuing
7 info lifecycle shufflebox-frontend@0.0.1~api: shufflebox-frontend@0.0.1
8 verbose lifecycle shufflebox-frontend@0.0.1~api: unsafe-perm in lifecycle true
9 verbose lifecycle shufflebox-frontend@0.0.1~api: PATH: /usr/local/lib/node_modules/npm/bin/node-gyp-bin:/Users/penny/projects/shufflebox-frontend/node_modules/.bin:/usr/local/Cellar/node/6.7.0/bin:/Users/penny/Downloads/google-cloud-sdk/bin:/Users/penny/bin:/usr/local/bin:/usr/bin:/bin:/usr/sbin:/sbin:/usr/local/go/bin:/Users/penny/gopath/bin
10 verbose lifecycle shufflebox-frontend@0.0.1~api: CWD: /Users/penny/projects/shufflebox-frontend
11 silly lifecycle shufflebox-frontend@0.0.1~api: Args: [ '-c', 'node api.js' ]
12 silly lifecycle shufflebox-frontend@0.0.1~api: Returned: code: 1  signal: null
13 info lifecycle shufflebox-frontend@0.0.1~api: Failed to exec api script
14 verbose stack Error: shufflebox-frontend@0.0.1 api: `node api.js`
14 verbose stack Exit status 1
14 verbose stack     at EventEmitter.<anonymous> (/usr/local/lib/node_modules/npm/lib/utils/lifecycle.js:255:16)
14 verbose stack     at emitTwo (events.js:106:13)
14 verbose stack     at EventEmitter.emit (events.js:191:7)
14 verbose stack     at ChildProcess.<anonymous> (/usr/local/lib/node_modules/npm/lib/utils/spawn.js:40:14)
14 verbose stack     at emitTwo (events.js:106:13)
14 verbose stack     at ChildProcess.emit (events.js:191:7)
14 verbose stack     at maybeClose (internal/child_process.js:877:16)
14 verbose stack     at Process.ChildProcess._handle.onexit (internal/child_process.js:226:5)
15 verbose pkgid shufflebox-frontend@0.0.1
16 verbose cwd /Users/penny/projects/shufflebox-frontend
17 error Darwin 15.6.0
18 error argv "/usr/local/Cellar/node/6.7.0/bin/node" "/usr/local/bin/npm" "run" "api"
19 error node v6.7.0
20 error npm  v3.10.7
21 error code ELIFECYCLE
22 error shufflebox-frontend@0.0.1 api: `node api.js`
22 error Exit status 1
23 error Failed at the shufflebox-frontend@0.0.1 api script 'node api.js'.
23 error Make sure you have the latest version of node.js and npm installed.
23 error If you do, this is most likely a problem with the shufflebox-frontend package,
23 error not with npm itself.
23 error Tell the author that this fails on your system:
23 error     node api.js
23 error You can get information on how to open an issue for this project with:
23 error     npm bugs shufflebox-frontend
23 error Or if that isn't available, you can get their info via:
23 error     npm owner ls shufflebox-frontend
23 error There is likely additional logging output above.
24 verbose exit [ 1, true ]
